[INFO] [18:08:02.676] [JavaFX Application Thread] [] com.zzg.mybatis.generator.util.DbUtil.<clinit>:32 --> load driver class: com.mysql.jdbc.Driver@2f4d93fa
[INFO] [18:08:02.683] [JavaFX Application Thread] [] com.zzg.mybatis.generator.util.DbUtil.<clinit>:32 --> load driver class: oracle.jdbc.driver.OracleDriver@f76deca
[INFO] [18:08:02.688] [JavaFX Application Thread] [] com.zzg.mybatis.generator.util.DbUtil.<clinit>:32 --> load driver class: org.postgresql.Driver@5f83ca
[INFO] [18:08:02.743] [JavaFX Application Thread] [] com.zzg.mybatis.generator.util.DbUtil.<clinit>:32 --> load driver class: SQLServerDriver:2
[INFO] [18:08:02.745] [JavaFX Application Thread] [] com.zzg.mybatis.generator.util.DbUtil.<clinit>:32 --> load driver class: org.sqlite.JDBC@69455ab7
[INFO] [18:08:02.745] [JavaFX Application Thread] [] com.zzg.mybatis.generator.util.DbUtil.getConnectionUrlWithSchema:113 --> getConnectionUrlWithSchema, connection url: jdbc:mysql://www.gongsr.club:3306/student?useUnicode=true&useSSL=false&characterEncoding=utf8&tinyInt1isBit=false
[ERROR] [18:08:02.957] [JavaFX Application Thread] [] com.zzg.mybatis.generator.controller.DbConnectionController.testConnection:72 --> Communications link failure

The last packet sent successfully to the server was 0 milliseconds ago. The driver has not received any packets from the server.
com.mysql.jdbc.exceptions.jdbc4.CommunicationsException: Communications link failure

The last packet sent successfully to the server was 0 milliseconds ago. The driver has not received any packets from the server.
	at sun.reflect.NativeConstructorAccessorImpl.newInstance0(Native Method) ~[na:1.8.0_211]
	at sun.reflect.NativeConstructorAccessorImpl.newInstance(Unknown Source) ~[na:1.8.0_211]
	at sun.reflect.DelegatingConstructorAccessorImpl.newInstance(Unknown Source) ~[na:1.8.0_211]
	at java.lang.reflect.Constructor.newInstance(Unknown Source) ~[na:1.8.0_211]
	at com.mysql.jdbc.Util.handleNewInstance(Util.java:404) ~[na:na]
	at com.mysql.jdbc.SQLError.createCommunicationsException(SQLError.java:981) ~[na:na]
	at com.mysql.jdbc.MysqlIO.<init>(MysqlIO.java:339) ~[na:na]
	at com.mysql.jdbc.ConnectionImpl.coreConnect(ConnectionImpl.java:2253) ~[na:na]
	at com.mysql.jdbc.ConnectionImpl.connectOneTryOnly(ConnectionImpl.java:2286) ~[na:na]
	at com.mysql.jdbc.ConnectionImpl.createNewIO(ConnectionImpl.java:2085) ~[na:na]
	at com.mysql.jdbc.ConnectionImpl.<init>(ConnectionImpl.java:795) ~[na:na]
	at com.mysql.jdbc.JDBC4Connection.<init>(JDBC4Connection.java:44) ~[na:na]
	at sun.reflect.NativeConstructorAccessorImpl.newInstance0(Native Method) ~[na:1.8.0_211]
	at sun.reflect.NativeConstructorAccessorImpl.newInstance(Unknown Source) ~[na:1.8.0_211]
	at sun.reflect.DelegatingConstructorAccessorImpl.newInstance(Unknown Source) ~[na:1.8.0_211]
	at java.lang.reflect.Constructor.newInstance(Unknown Source) ~[na:1.8.0_211]
	at com.mysql.jdbc.Util.handleNewInstance(Util.java:404) ~[na:na]
	at com.mysql.jdbc.ConnectionImpl.getInstance(ConnectionImpl.java:400) ~[na:na]
	at com.mysql.jdbc.NonRegisteringDriver.connect(NonRegisteringDriver.java:327) ~[na:na]
	at com.zzg.mybatis.generator.util.DbUtil.getConnection(DbUtil.java:48) ~[mybatis-generator-gui.jar:na]
	at com.zzg.mybatis.generator.controller.DbConnectionController.testConnection(DbConnectionController.java:69) ~[mybatis-generator-gui.jar:na]
	at sun.reflect.NativeMethodAccessorImpl.invoke0(Native Method) ~[na:1.8.0_211]
	at sun.reflect.NativeMethodAccessorImpl.invoke(Unknown Source) ~[na:1.8.0_211]
	at sun.reflect.DelegatingMethodAccessorImpl.invoke(Unknown Source) ~[na:1.8.0_211]
	at java.lang.reflect.Method.invoke(Unknown Source) ~[na:1.8.0_211]
	at sun.reflect.misc.Trampoline.invoke(Unknown Source) [na:1.8.0_211]
	at sun.reflect.GeneratedMethodAccessor1.invoke(Unknown Source) ~[na:na]
	at sun.reflect.DelegatingMethodAccessorImpl.invoke(Unknown Source) ~[na:1.8.0_211]
	at java.lang.reflect.Method.invoke(Unknown Source) ~[na:1.8.0_211]
	at sun.reflect.misc.MethodUtil.invoke(Unknown Source) [na:1.8.0_211]
	at javafx.fxml.FXMLLoader$MethodHandler.invoke(FXMLLoader.java:1771) [jfxrt.jar:na]
	at javafx.fxml.FXMLLoader$ControllerMethodEventHandler.handle(FXMLLoader.java:1657) [jfxrt.jar:na]
	at com.sun.javafx.event.CompositeEventHandler.dispatchBubblingEvent(CompositeEventHandler.java:86) [jfxrt.jar:na]
	at com.sun.javafx.event.EventHandlerManager.dispatchBubblingEvent(EventHandlerManager.java:238) [jfxrt.jar:na]
	at com.sun.javafx.event.EventHandlerManager.dispatchBubblingEvent(EventHandlerManager.java:191) [jfxrt.jar:na]
	at com.sun.javafx.event.CompositeEventDispatcher.dispatchBubblingEvent(CompositeEventDispatcher.java:59) [jfxrt.jar:na]
	at com.sun.javafx.event.BasicEventDispatcher.dispatchEvent(BasicEventDispatcher.java:58) [jfxrt.jar:na]
	at com.sun.javafx.event.EventDispatchChainImpl.dispatchEvent(EventDispatchChainImpl.java:114) [jfxrt.jar:na]
	at com.sun.javafx.event.BasicEventDispatcher.dispatchEvent(BasicEventDispatcher.java:56) [jfxrt.jar:na]
	at com.sun.javafx.event.EventDispatchChainImpl.dispatchEvent(EventDispatchChainImpl.java:114) [jfxrt.jar:na]
	at com.sun.javafx.event.BasicEventDispatcher.dispatchEvent(BasicEventDispatcher.java:56) [jfxrt.jar:na]
	at com.sun.javafx.event.EventDispatchChainImpl.dispatchEvent(EventDispatchChainImpl.java:114) [jfxrt.jar:na]
	at com.sun.javafx.event.EventUtil.fireEventImpl(EventUtil.java:74) [jfxrt.jar:na]
	at com.sun.javafx.event.EventUtil.fireEvent(EventUtil.java:49) [jfxrt.jar:na]
	at javafx.event.Event.fireEvent(Event.java:198) [jfxrt.jar:na]
	at javafx.scene.Node.fireEvent(Node.java:8411) [jfxrt.jar:na]
	at javafx.scene.control.Button.fire(Button.java:185) [jfxrt.jar:na]
	at com.sun.javafx.scene.control.behavior.ButtonBehavior.mouseReleased(ButtonBehavior.java:182) [jfxrt.jar:na]
	at com.sun.javafx.scene.control.skin.BehaviorSkinBase$1.handle(BehaviorSkinBase.java:96) [jfxrt.jar:na]
	at com.sun.javafx.scene.control.skin.BehaviorSkinBase$1.handle(BehaviorSkinBase.java:89) [jfxrt.jar:na]
	at com.sun.javafx.event.CompositeEventHandler$NormalEventHandlerRecord.handleBubblingEvent(CompositeEventHandler.java:218) [jfxrt.jar:na]
	at com.sun.javafx.event.CompositeEventHandler.dispatchBubblingEvent(CompositeEventHandler.java:80) [jfxrt.jar:na]
	at com.sun.javafx.event.EventHandlerManager.dispatchBubblingEvent(EventHandlerManager.java:238) [jfxrt.jar:na]
	at com.sun.javafx.event.EventHandlerManager.dispatchBubblingEvent(EventHandlerManager.java:191) [jfxrt.jar:na]
	at com.sun.javafx.event.CompositeEventDispatcher.dispatchBubblingEvent(CompositeEventDispatcher.java:59) [jfxrt.jar:na]
	at com.sun.javafx.event.BasicEventDispatcher.dispatchEvent(BasicEventDispatcher.java:58) [jfxrt.jar:na]
	at com.sun.javafx.event.EventDispatchChainImpl.dispatchEvent(EventDispatchChainImpl.java:114) [jfxrt.jar:na]
	at com.sun.javafx.event.BasicEventDispatcher.dispatchEvent(BasicEventDispatcher.java:56) [jfxrt.jar:na]
	at com.sun.javafx.event.EventDispatchChainImpl.dispatchEvent(EventDispatchChainImpl.java:114) [jfxrt.jar:na]
	at com.sun.javafx.event.BasicEventDispatcher.dispatchEvent(BasicEventDispatcher.java:56) [jfxrt.jar:na]
	at com.sun.javafx.event.EventDispatchChainImpl.dispatchEvent(EventDispatchChainImpl.java:114) [jfxrt.jar:na]
	at com.sun.javafx.event.EventUtil.fireEventImpl(EventUtil.java:74) [jfxrt.jar:na]
	at com.sun.javafx.event.EventUtil.fireEvent(EventUtil.java:54) [jfxrt.jar:na]
	at javafx.event.Event.fireEvent(Event.java:198) [jfxrt.jar:na]
	at javafx.scene.Scene$MouseHandler.process(Scene.java:3757) [jfxrt.jar:na]
	at javafx.scene.Scene$MouseHandler.access$1500(Scene.java:3485) [jfxrt.jar:na]
	at javafx.scene.Scene.impl_processMouseEvent(Scene.java:1762) [jfxrt.jar:na]
	at javafx.scene.Scene$ScenePeerListener.mouseEvent(Scene.java:2494) [jfxrt.jar:na]
	at com.sun.javafx.tk.quantum.GlassViewEventHandler$MouseEventNotification.run(GlassViewEventHandler.java:394) [jfxrt.jar:na]
	at com.sun.javafx.tk.quantum.GlassViewEventHandler$MouseEventNotification.run(GlassViewEventHandler.java:295) [jfxrt.jar:na]
	at java.security.AccessController.doPrivileged(Native Method) [na:1.8.0_211]
	at com.sun.javafx.tk.quantum.GlassViewEventHandler.lambda$handleMouseEvent$358(GlassViewEventHandler.java:432) [jfxrt.jar:na]
	at com.sun.javafx.tk.quantum.QuantumToolkit.runWithoutRenderLock(QuantumToolkit.java:389) ~[jfxrt.jar:na]
	at com.sun.javafx.tk.quantum.GlassViewEventHandler.handleMouseEvent(GlassViewEventHandler.java:431) [jfxrt.jar:na]
	at com.sun.glass.ui.View.handleMouseEvent(View.java:555) ~[jfxrt.jar:na]
	at com.sun.glass.ui.View.notifyMouse(View.java:937) ~[jfxrt.jar:na]
	at com.sun.glass.ui.win.WinApplication._runLoop(Native Method) ~[jfxrt.jar:na]
	at com.sun.glass.ui.win.WinApplication.lambda$null$152(WinApplication.java:177) ~[jfxrt.jar:na]
	at java.lang.Thread.run(Unknown Source) ~[na:1.8.0_211]
Caused by: java.net.UnknownHostException: www.gongsr.club
	at java.net.Inet6AddressImpl.lookupAllHostAddr(Native Method) ~[na:1.8.0_211]
	at java.net.InetAddress$2.lookupAllHostAddr(Unknown Source) ~[na:1.8.0_211]
	at java.net.InetAddress.getAddressesFromNameService(Unknown Source) ~[na:1.8.0_211]
	at java.net.InetAddress.getAllByName0(Unknown Source) ~[na:1.8.0_211]
	at java.net.InetAddress.getAllByName(Unknown Source) ~[na:1.8.0_211]
	at java.net.InetAddress.getAllByName(Unknown Source) ~[na:1.8.0_211]
	at com.mysql.jdbc.StandardSocketFactory.connect(StandardSocketFactory.java:188) ~[na:na]
	at com.mysql.jdbc.MysqlIO.<init>(MysqlIO.java:298) ~[na:na]
	... 72 common frames omitted
[INFO] [18:08:24.312] [JavaFX Application Thread] [] com.zzg.mybatis.generator.util.DbUtil.getConnectionUrlWithSchema:113 --> getConnectionUrlWithSchema, connection url: jdbc:mysql://www.gongsir.club:3306/student?useUnicode=true&useSSL=false&characterEncoding=utf8&tinyInt1isBit=false
[INFO] [18:08:24.906] [JavaFX Application Thread] [] com.zzg.mybatis.generator.util.DbUtil.getConnection:49 --> getConnection, connection url: com.mysql.jdbc.JDBC4Connection@9d77ed0
[INFO] [18:08:34.473] [JavaFX Application Thread] [] com.zzg.mybatis.generator.util.DbUtil.getConnectionUrlWithSchema:113 --> getConnectionUrlWithSchema, connection url: jdbc:mysql://www.gongsir.club:3306/student?useUnicode=true&useSSL=false&characterEncoding=utf8&tinyInt1isBit=false
[INFO] [18:08:34.474] [JavaFX Application Thread] [] com.zzg.mybatis.generator.util.DbUtil.getTableNames:55 --> getTableNames, connection url: jdbc:mysql://www.gongsir.club:3306/student?useUnicode=true&useSSL=false&characterEncoding=utf8&tinyInt1isBit=false
[INFO] [18:08:34.475] [JavaFX Application Thread] [] com.zzg.mybatis.generator.util.DbUtil.getConnectionUrlWithSchema:113 --> getConnectionUrlWithSchema, connection url: jdbc:mysql://www.gongsir.club:3306/student?useUnicode=true&useSSL=false&characterEncoding=utf8&tinyInt1isBit=false
[INFO] [18:08:34.858] [JavaFX Application Thread] [] com.zzg.mybatis.generator.util.DbUtil.getConnection:49 --> getConnection, connection url: com.mysql.jdbc.JDBC4Connection@19465ec0
[INFO] [18:10:39.454] [JavaFX Application Thread] [] com.zzg.mybatis.generator.util.ConfigHelper.findConnectorLibPath:213 --> jar resource: jar:file:/D:/gongtao/app/mybatis-generator-gui.jar!/logback.xml
[INFO] [18:10:39.455] [JavaFX Application Thread] [] com.zzg.mybatis.generator.bridge.MybatisGeneratorBridge.generate:60 --> connectorLibPath: D:\gongtao\app\lib\mysql-connector-java-5.1.38.jar
[INFO] [18:10:39.458] [JavaFX Application Thread] [] com.zzg.mybatis.generator.util.DbUtil.getConnectionUrlWithSchema:113 --> getConnectionUrlWithSchema, connection url: jdbc:mysql://www.gongsir.club:3306/student?useUnicode=true&useSSL=false&characterEncoding=utf8&tinyInt1isBit=false
[INFO] [18:10:48.591] [JavaFX Application Thread] [] com.zzg.mybatis.generator.util.ConfigHelper.findConnectorLibPath:213 --> jar resource: jar:file:/D:/gongtao/app/mybatis-generator-gui.jar!/logback.xml
[INFO] [18:10:48.591] [JavaFX Application Thread] [] com.zzg.mybatis.generator.bridge.MybatisGeneratorBridge.generate:60 --> connectorLibPath: D:\gongtao\app\lib\mysql-connector-java-5.1.38.jar
[INFO] [18:10:48.592] [JavaFX Application Thread] [] com.zzg.mybatis.generator.util.DbUtil.getConnectionUrlWithSchema:113 --> getConnectionUrlWithSchema, connection url: jdbc:mysql://www.gongsir.club:3306/student?useUnicode=true&useSSL=false&characterEncoding=utf8&tinyInt1isBit=false
[INFO] [18:10:51.275] [JavaFX Application Thread] [] com.zzg.mybatis.generator.util.ConfigHelper.findConnectorLibPath:213 --> jar resource: jar:file:/D:/gongtao/app/mybatis-generator-gui.jar!/logback.xml
[INFO] [18:10:51.275] [JavaFX Application Thread] [] com.zzg.mybatis.generator.bridge.MybatisGeneratorBridge.generate:60 --> connectorLibPath: D:\gongtao\app\lib\mysql-connector-java-5.1.38.jar
[INFO] [18:10:51.276] [JavaFX Application Thread] [] com.zzg.mybatis.generator.util.DbUtil.getConnectionUrlWithSchema:113 --> getConnectionUrlWithSchema, connection url: jdbc:mysql://www.gongsir.club:3306/student?useUnicode=true&useSSL=false&characterEncoding=utf8&tinyInt1isBit=false
